<?xml version="1.0" encoding="UTF-8"?>
<!-- Generated by org.testng.reporters.JUnitXMLReporter -->
<testsuite hostname="comp-63" name="IETest" tests="3" failures="0" timestamp="14 Nov 2016 11:25:11 GMT" time="0.545" errors="0">
  <testcase name="@BeforeTest setup" time="0.0" classname="com.immply.mainclass.FacebookShare">
    <failure type="org.openqa.selenium.remote.SessionNotFoundException" message="Unexpected error launching Internet Explorer. Protected Mode settings are not the same for all zones. Enable Protected Mode must be set to the same value (enabled or disabled) for all zones. (WARNING: The server did not provide any stacktrace information)
Command duration or timeout: 528 milliseconds
Build info: version: &amp;apos;2.49.0&amp;apos;, revision: &amp;apos;365eeb4&amp;apos;, time: &amp;apos;2016-01-13 18:33:29&amp;apos;
System info: host: &amp;apos;comp-63&amp;apos;, ip: &amp;apos;192.168.101.15&amp;apos;, os.name: &amp;apos;Windows 7&amp;apos;, os.arch: &amp;apos;x86&amp;apos;, os.version: &amp;apos;6.1&amp;apos;, java.version: &amp;apos;1.8.0_77&amp;apos;
Driver info: org.openqa.selenium.ie.InternetExplorerDriver">
      <![CDATA[org.openqa.selenium.remote.SessionNotFoundException: Unexpected error launching Internet Explorer. Protected Mode settings are not the same for all zones. Enable Protected Mode must be set to the same value (enabled or disabled) for all zones. (WARNING: The server did not provide any stacktrace information)
Command duration or timeout: 528 milliseconds
Build info: version: '2.49.0', revision: '365eeb4', time: '2016-01-13 18:33:29'
System info: host: 'comp-63', ip: '192.168.101.15', os.name: 'Windows 7', os.arch: 'x86', os.version: '6.1', java.version: '1.8.0_77'
Driver info: org.openqa.selenium.ie.InternetExplorerDriver
	at org.openqa.selenium.remote.ErrorHandler.createThrowable(ErrorHandler.java:206)
	at org.openqa.selenium.remote.ErrorHandler.throwIfResponseFailed(ErrorHandler.java:164)
	at org.openqa.selenium.remote.RemoteWebDriver.execute(RemoteWebDriver.java:678)
	at org.openqa.selenium.remote.RemoteWebDriver.startSession(RemoteWebDriver.java:249)
	at org.openqa.selenium.remote.RemoteWebDriver.startSession(RemoteWebDriver.java:234)
	at org.openqa.selenium.ie.InternetExplorerDriver.run(InternetExplorerDriver.java:182)
	at org.openqa.selenium.ie.InternetExplorerDriver.<init>(InternetExplorerDriver.java:174)
	at org.openqa.selenium.ie.InternetExplorerDriver.<init>(InternetExplorerDriver.java:146)
	at com.immply.mainclass.FacebookShare.setup(FacebookShare.java:38)
... Removed 26 stack frames]]>
    </failure>
  </testcase> <!-- @BeforeTest setup -->
  <testcase name="testEnterDatails" time="0.001" classname="com.immply.mainclass.FacebookShare">
    <skipped/>
  </testcase> <!-- testEnterDatails -->
  <testcase name="testFBShare" time="0.0" classname="com.immply.mainclass.FacebookShare">
    <skipped/>
  </testcase> <!-- testFBShare -->
  <testcase name="testFBShareWindow" time="0.001" classname="com.immply.mainclass.FacebookShare">
    <skipped/>
  </testcase> <!-- testFBShareWindow -->
</testsuite> <!-- IETest -->
