<?xml version="1.0" encoding="UTF-8"?>
<!-- Generated by org.testng.reporters.JUnitXMLReporter -->
<testsuite hostname="comp-63" name="firefoxTest" tests="11" failures="2" timestamp="15 Nov 2016 12:01:08 GMT" time="309.166" errors="0">
  <testcase name="testEnterDatails" time="15.796" classname="com.immply.mainclass.FacebookShare"/>
  <testcase name="testFBShare" time="35.8" classname="com.immply.mainclass.FacebookShare"/>
  <testcase name="testFBShareWindow" time="30.654" classname="com.immply.mainclass.FacebookShare">
    <failure type="org.openqa.selenium.TimeoutException" message="Timed out after 20 seconds waiting for frame to be available: socialannex-frame
Build info: version: &amp;apos;2.49.0&amp;apos;, revision: &amp;apos;365eeb4&amp;apos;, time: &amp;apos;2016-01-13 18:33:29&amp;apos;
System info: host: &amp;apos;comp-63&amp;apos;, ip: &amp;apos;192.168.101.15&amp;apos;, os.name: &amp;apos;Windows 7&amp;apos;, os.arch: &amp;apos;x86&amp;apos;, os.version: &amp;apos;6.1&amp;apos;, java.version: &amp;apos;1.8.0_77&amp;apos;
Driver info: org.openqa.selenium.firefox.FirefoxDriver
Capabilities [{applicationCacheEnabled=true, rotatable=false, handlesAlerts=true, databaseEnabled=true, version=42.0, platform=WINDOWS, nativeEvents=false, acceptSslCerts=true, webStorageEnabled=true, locationContextEnabled=true, browserName=firefox, takesScreenshot=true, javascriptEnabled=true, cssSelectorsEnabled=true}]
Session ID: 17fdcae0-9d60-4ad3-a608-2c1a0710685f">
      <![CDATA[org.openqa.selenium.TimeoutException: Timed out after 20 seconds waiting for frame to be available: socialannex-frame
Build info: version: '2.49.0', revision: '365eeb4', time: '2016-01-13 18:33:29'
System info: host: 'comp-63', ip: '192.168.101.15', os.name: 'Windows 7', os.arch: 'x86', os.version: '6.1', java.version: '1.8.0_77'
Driver info: org.openqa.selenium.firefox.FirefoxDriver
Capabilities [{applicationCacheEnabled=true, rotatable=false, handlesAlerts=true, databaseEnabled=true, version=42.0, platform=WINDOWS, nativeEvents=false, acceptSslCerts=true, webStorageEnabled=true, locationContextEnabled=true, browserName=firefox, takesScreenshot=true, javascriptEnabled=true, cssSelectorsEnabled=true}]
Session ID: 17fdcae0-9d60-4ad3-a608-2c1a0710685f
	at org.openqa.selenium.support.ui.WebDriverWait.timeoutException(WebDriverWait.java:80)
	at org.openqa.selenium.support.ui.FluentWait.until(FluentWait.java:261)
	at com.immply.callobjects.Functions.FBShareWindow(Functions.java:81)
	at com.immply.mainclass.FacebookShare.testFBShareWindow(FacebookShare.java:67)
... Removed 24 stack frames]]>
    </failure>
  </testcase> <!-- testFBShareWindow -->
  <testcase name="TweetShare" time="11.328" classname="com.immply.mainclass.TwitterShare"/>
  <testcase name="TweetLoginPage" time="42.97" classname="com.immply.mainclass.TwitterShare"/>
  <testcase name="testEmailShare" time="10.095" classname="com.immply.mainclass.EmailShare"/>
  <testcase name="testEmailShareEnterNothing" time="0.182" classname="com.immply.mainclass.EmailShare"/>
  <testcase name="testEmailShareEnterInvalidData" time="0.145" classname="com.immply.mainclass.EmailShare"/>
  <testcase name="testEmailShareEntervalidData" time="20.253" classname="com.immply.mainclass.EmailShare"/>
  <testcase name="testCopyUrl" time="79.136" classname="com.immply.mainclass.EmailShare"/>
  <testcase name="testPaymentLink" time="45.207" classname="com.immply.mainclass.EmailShare">
    <failure type="org.openqa.selenium.NoSuchElementException" message="Unable to locate element: {&amp;quot;method&amp;quot;:&amp;quot;xpath&amp;quot;,&amp;quot;selector&amp;quot;:&amp;quot;//a[@class=&amp;apos;sa_2_reward_back_link&amp;apos;]&amp;quot;}
Command duration or timeout: 20.07 seconds
For documentation on this error, please visit: http://seleniumhq.org/exceptions/no_such_element.html
Build info: version: &amp;apos;2.49.0&amp;apos;, revision: &amp;apos;365eeb4&amp;apos;, time: &amp;apos;2016-01-13 18:33:29&amp;apos;
System info: host: &amp;apos;comp-63&amp;apos;, ip: &amp;apos;192.168.101.15&amp;apos;, os.name: &amp;apos;Windows 7&amp;apos;, os.arch: &amp;apos;x86&amp;apos;, os.version: &amp;apos;6.1&amp;apos;, java.version: &amp;apos;1.8.0_77&amp;apos;
Driver info: org.openqa.selenium.firefox.FirefoxDriver
Capabilities [{applicationCacheEnabled=true, rotatable=false, handlesAlerts=true, databaseEnabled=true, version=42.0, platform=WINDOWS, nativeEvents=false, acceptSslCerts=true, webStorageEnabled=true, locationContextEnabled=true, browserName=firefox, takesScreenshot=true, javascriptEnabled=true, cssSelectorsEnabled=true}]
Session ID: 17fdcae0-9d60-4ad3-a608-2c1a0710685f
*** Element info: {Using=xpath, value=//a[@class=&amp;apos;sa_2_reward_back_link&amp;apos;]}">
      <![CDATA[org.openqa.selenium.NoSuchElementException: Unable to locate element: {"method":"xpath","selector":"//a[@class='sa_2_reward_back_link']"}
Command duration or timeout: 20.07 seconds
For documentation on this error, please visit: http://seleniumhq.org/exceptions/no_such_element.html
Build info: version: '2.49.0', revision: '365eeb4', time: '2016-01-13 18:33:29'
System info: host: 'comp-63', ip: '192.168.101.15', os.name: 'Windows 7', os.arch: 'x86', os.version: '6.1', java.version: '1.8.0_77'
Driver info: org.openqa.selenium.firefox.FirefoxDriver
Capabilities [{applicationCacheEnabled=true, rotatable=false, handlesAlerts=true, databaseEnabled=true, version=42.0, platform=WINDOWS, nativeEvents=false, acceptSslCerts=true, webStorageEnabled=true, locationContextEnabled=true, browserName=firefox, takesScreenshot=true, javascriptEnabled=true, cssSelectorsEnabled=true}]
Session ID: 17fdcae0-9d60-4ad3-a608-2c1a0710685f
*** Element info: {Using=xpath, value=//a[@class='sa_2_reward_back_link']}
	at org.openqa.selenium.remote.ErrorHandler.createThrowable(ErrorHandler.java:206)
	at org.openqa.selenium.remote.ErrorHandler.throwIfResponseFailed(ErrorHandler.java:158)
	at org.openqa.selenium.remote.RemoteWebDriver.execute(RemoteWebDriver.java:678)
	at org.openqa.selenium.remote.RemoteWebDriver.findElement(RemoteWebDriver.java:363)
	at org.openqa.selenium.remote.RemoteWebDriver.findElementByXPath(RemoteWebDriver.java:500)
	at org.openqa.selenium.By$ByXPath.findElement(By.java:361)
	at org.openqa.selenium.remote.RemoteWebDriver.findElement(RemoteWebDriver.java:355)
	at com.immply.pageobjects.Objects.findElement2(Objects.java:27)
	at com.immply.callobjects.Functions.ClickOnClaimReward(Functions.java:225)
	at com.immply.mainclass.EmailShare.testPaymentLink(EmailShare.java:56)
Caused by: org.openqa.selenium.NoSuchElementException: Unable to locate element: {"method":"xpath","selector":"//a[@class='sa_2_reward_back_link']"}
For documentation on this error, please visit: http://seleniumhq.org/exceptions/no_such_element.html
Build info: version: '2.49.0', revision: '365eeb4', time: '2016-01-13 18:33:29'
System info: host: 'comp-63', ip: '192.168.101.15', os.name: 'Windows 7', os.arch: 'x86', os.version: '6.1', java.version: '1.8.0_77'
Driver info: driver.version: unknown
	at <anonymous class>.FirefoxDriver.prototype.findElementInternal_(file:///C:/Users/sdevkar/AppData/Local/Temp/anonymous7481133909591928955webdriver-profile/extensions/fxdriver@googlecode.com/components/driver-component.js:10675)
	at <anonymous class>.fxdriver.Timer.prototype.setTimeout/<.notify(file:///C:/Users/sdevkar/AppData/Local/Temp/anonymous7481133909591928955webdriver-profile/extensions/fxdriver@googlecode.com/components/driver-component.js:623)
... Removed 28 stack frames]]>
    </failure>
  </testcase> <!-- testPaymentLink -->
</testsuite> <!-- firefoxTest -->
